mode: atomic
github.com/nonsocode/xpress/pkg/parser/evalutator.go:33.34,38.2 1 2
github.com/nonsocode/xpress/pkg/parser/evalutator.go:40.55,42.2 1 2
github.com/nonsocode/xpress/pkg/parser/evalutator.go:44.79,46.2 1 4
github.com/nonsocode/xpress/pkg/parser/evalutator.go:48.42,50.2 1 3
github.com/nonsocode/xpress/pkg/parser/evalutator.go:52.70,57.2 4 0
github.com/nonsocode/xpress/pkg/parser/evalutator.go:59.70,64.2 4 2
github.com/nonsocode/xpress/pkg/parser/evalutator.go:66.89,67.22 1 75
github.com/nonsocode/xpress/pkg/parser/evalutator.go:67.22,69.3 1 0
github.com/nonsocode/xpress/pkg/parser/evalutator.go:71.2,72.24 2 75
github.com/nonsocode/xpress/pkg/parser/evalutator.go:72.24,74.3 1 0
github.com/nonsocode/xpress/pkg/parser/evalutator.go:75.2,77.24 3 75
github.com/nonsocode/xpress/pkg/parser/evalutator.go:77.24,79.3 1 0
github.com/nonsocode/xpress/pkg/parser/evalutator.go:80.2,81.33 2 75
github.com/nonsocode/xpress/pkg/parser/evalutator.go:82.13,83.28 1 1
github.com/nonsocode/xpress/pkg/parser/evalutator.go:84.13,85.28 1 1
github.com/nonsocode/xpress/pkg/parser/evalutator.go:86.12,87.28 1 8
github.com/nonsocode/xpress/pkg/parser/evalutator.go:88.12,89.28 1 7
github.com/nonsocode/xpress/pkg/parser/evalutator.go:90.15,91.32 1 11
github.com/nonsocode/xpress/pkg/parser/evalutator.go:92.21,93.37 1 6
github.com/nonsocode/xpress/pkg/parser/evalutator.go:94.12,95.29 1 5
github.com/nonsocode/xpress/pkg/parser/evalutator.go:96.18,97.34 1 5
github.com/nonsocode/xpress/pkg/parser/evalutator.go:98.18,99.49 1 5
github.com/nonsocode/xpress/pkg/parser/evalutator.go:100.19,101.48 1 8
github.com/nonsocode/xpress/pkg/parser/evalutator.go:102.11,103.63 1 12
github.com/nonsocode/xpress/pkg/parser/evalutator.go:104.10,105.63 1 6
github.com/nonsocode/xpress/pkg/parser/evalutator.go:107.2,107.18 1 0
github.com/nonsocode/xpress/pkg/parser/evalutator.go:110.67,111.33 1 7
github.com/nonsocode/xpress/pkg/parser/evalutator.go:111.33,113.3 1 0
github.com/nonsocode/xpress/pkg/parser/evalutator.go:115.2,115.26 1 7
github.com/nonsocode/xpress/pkg/parser/evalutator.go:116.14,117.34 1 2
github.com/nonsocode/xpress/pkg/parser/evalutator.go:117.34,119.4 1 2
github.com/nonsocode/xpress/pkg/parser/evalutator.go:121.2,121.29 1 5
github.com/nonsocode/xpress/pkg/parser/evalutator.go:121.29,125.3 3 5
github.com/nonsocode/xpress/pkg/parser/evalutator.go:127.2,127.92 1 0
github.com/nonsocode/xpress/pkg/parser/evalutator.go:130.67,131.33 1 1
github.com/nonsocode/xpress/pkg/parser/evalutator.go:131.33,133.3 1 0
github.com/nonsocode/xpress/pkg/parser/evalutator.go:135.2,135.29 1 1
github.com/nonsocode/xpress/pkg/parser/evalutator.go:135.29,139.3 3 1
github.com/nonsocode/xpress/pkg/parser/evalutator.go:140.2,140.97 1 0
github.com/nonsocode/xpress/pkg/parser/evalutator.go:143.67,144.29 1 8
github.com/nonsocode/xpress/pkg/parser/evalutator.go:144.29,148.3 3 8
github.com/nonsocode/xpress/pkg/parser/evalutator.go:149.2,149.86 1 0
github.com/nonsocode/xpress/pkg/parser/evalutator.go:152.67,153.29 1 1
github.com/nonsocode/xpress/pkg/parser/evalutator.go:153.29,156.20 3 1
github.com/nonsocode/xpress/pkg/parser/evalutator.go:156.20,158.4 1 0
github.com/nonsocode/xpress/pkg/parser/evalutator.go:159.3,159.44 1 1
github.com/nonsocode/xpress/pkg/parser/evalutator.go:161.2,161.84 1 0
github.com/nonsocode/xpress/pkg/parser/evalutator.go:163.71,164.29 1 11
github.com/nonsocode/xpress/pkg/parser/evalutator.go:164.29,168.3 3 8
github.com/nonsocode/xpress/pkg/parser/evalutator.go:169.2,169.26 1 3
github.com/nonsocode/xpress/pkg/parser/evalutator.go:170.14,171.34 1 3
github.com/nonsocode/xpress/pkg/parser/evalutator.go:171.34,173.4 1 3
github.com/nonsocode/xpress/pkg/parser/evalutator.go:175.2,175.75 1 0
github.com/nonsocode/xpress/pkg/parser/evalutator.go:178.76,179.29 1 6
github.com/nonsocode/xpress/pkg/parser/evalutator.go:179.29,183.3 3 3
github.com/nonsocode/xpress/pkg/parser/evalutator.go:184.2,184.26 1 3
github.com/nonsocode/xpress/pkg/parser/evalutator.go:185.14,186.34 1 3
github.com/nonsocode/xpress/pkg/parser/evalutator.go:186.34,188.4 1 3
github.com/nonsocode/xpress/pkg/parser/evalutator.go:190.2,190.75 1 0
github.com/nonsocode/xpress/pkg/parser/evalutator.go:193.68,194.29 1 5
github.com/nonsocode/xpress/pkg/parser/evalutator.go:194.29,198.3 3 2
github.com/nonsocode/xpress/pkg/parser/evalutator.go:199.2,199.26 1 3
github.com/nonsocode/xpress/pkg/parser/evalutator.go:200.14,201.34 1 3
github.com/nonsocode/xpress/pkg/parser/evalutator.go:201.34,203.4 1 3
github.com/nonsocode/xpress/pkg/parser/evalutator.go:205.2,205.75 1 0
github.com/nonsocode/xpress/pkg/parser/evalutator.go:208.73,209.29 1 5
github.com/nonsocode/xpress/pkg/parser/evalutator.go:209.29,213.3 3 2
github.com/nonsocode/xpress/pkg/parser/evalutator.go:214.2,214.26 1 3
github.com/nonsocode/xpress/pkg/parser/evalutator.go:215.14,216.34 1 3
github.com/nonsocode/xpress/pkg/parser/evalutator.go:216.34,218.4 1 3
github.com/nonsocode/xpress/pkg/parser/evalutator.go:220.2,220.75 1 0
github.com/nonsocode/xpress/pkg/parser/evalutator.go:223.52,224.26 1 13
github.com/nonsocode/xpress/pkg/parser/evalutator.go:224.26,226.3 1 0
github.com/nonsocode/xpress/pkg/parser/evalutator.go:227.2,227.14 1 13
github.com/nonsocode/xpress/pkg/parser/evalutator.go:227.14,229.3 1 0
github.com/nonsocode/xpress/pkg/parser/evalutator.go:230.2,230.14 1 13
github.com/nonsocode/xpress/pkg/parser/evalutator.go:230.14,232.3 1 0
github.com/nonsocode/xpress/pkg/parser/evalutator.go:233.2,233.15 1 13
github.com/nonsocode/xpress/pkg/parser/evalutator.go:239.20,240.22 1 4
github.com/nonsocode/xpress/pkg/parser/evalutator.go:240.22,242.3 1 0
github.com/nonsocode/xpress/pkg/parser/evalutator.go:243.2,243.58 1 4
github.com/nonsocode/xpress/pkg/parser/evalutator.go:246.93,247.22 1 7
github.com/nonsocode/xpress/pkg/parser/evalutator.go:247.22,249.3 1 0
github.com/nonsocode/xpress/pkg/parser/evalutator.go:250.2,250.42 1 7
github.com/nonsocode/xpress/pkg/parser/evalutator.go:253.91,254.22 1 217
github.com/nonsocode/xpress/pkg/parser/evalutator.go:254.22,256.3 1 0
github.com/nonsocode/xpress/pkg/parser/evalutator.go:257.2,257.35 1 217
github.com/nonsocode/xpress/pkg/parser/evalutator.go:260.87,261.22 1 7
github.com/nonsocode/xpress/pkg/parser/evalutator.go:261.22,263.3 1 0
github.com/nonsocode/xpress/pkg/parser/evalutator.go:264.2,265.24 2 7
github.com/nonsocode/xpress/pkg/parser/evalutator.go:265.24,267.3 1 0
github.com/nonsocode/xpress/pkg/parser/evalutator.go:268.2,269.33 2 7
github.com/nonsocode/xpress/pkg/parser/evalutator.go:270.13,271.44 1 5
github.com/nonsocode/xpress/pkg/parser/evalutator.go:272.12,273.46 1 2
github.com/nonsocode/xpress/pkg/parser/evalutator.go:275.2,275.18 1 0
github.com/nonsocode/xpress/pkg/parser/evalutator.go:278.93,279.22 1 106
github.com/nonsocode/xpress/pkg/parser/evalutator.go:279.22,281.3 1 0
github.com/nonsocode/xpress/pkg/parser/evalutator.go:282.2,283.37 2 106
github.com/nonsocode/xpress/pkg/parser/evalutator.go:283.37,285.25 2 113
github.com/nonsocode/xpress/pkg/parser/evalutator.go:285.25,287.4 1 4
github.com/nonsocode/xpress/pkg/parser/evalutator.go:288.3,288.47 1 108
github.com/nonsocode/xpress/pkg/parser/evalutator.go:290.2,290.27 1 101
github.com/nonsocode/xpress/pkg/parser/evalutator.go:290.27,292.3 1 96
github.com/nonsocode/xpress/pkg/parser/evalutator.go:294.2,295.32 2 5
github.com/nonsocode/xpress/pkg/parser/evalutator.go:295.32,297.3 1 12
github.com/nonsocode/xpress/pkg/parser/evalutator.go:298.2,298.37 1 5
github.com/nonsocode/xpress/pkg/parser/evalutator.go:301.91,302.22 1 4
github.com/nonsocode/xpress/pkg/parser/evalutator.go:302.22,304.3 1 0
github.com/nonsocode/xpress/pkg/parser/evalutator.go:305.2,306.24 2 4
github.com/nonsocode/xpress/pkg/parser/evalutator.go:306.24,308.3 1 0
github.com/nonsocode/xpress/pkg/parser/evalutator.go:309.2,309.27 1 4
github.com/nonsocode/xpress/pkg/parser/evalutator.go:309.27,311.3 1 3
github.com/nonsocode/xpress/pkg/parser/evalutator.go:312.2,312.41 1 1
github.com/nonsocode/xpress/pkg/parser/evalutator.go:315.93,316.22 1 38
github.com/nonsocode/xpress/pkg/parser/evalutator.go:316.22,318.3 1 0
github.com/nonsocode/xpress/pkg/parser/evalutator.go:319.2,319.51 1 38
github.com/nonsocode/xpress/pkg/parser/evalutator.go:319.51,321.3 1 37
github.com/nonsocode/xpress/pkg/parser/evalutator.go:322.2,322.18 1 1
github.com/nonsocode/xpress/pkg/parser/evalutator.go:325.93,326.22 1 9
github.com/nonsocode/xpress/pkg/parser/evalutator.go:326.22,328.3 1 0
github.com/nonsocode/xpress/pkg/parser/evalutator.go:329.2,330.24 2 9
github.com/nonsocode/xpress/pkg/parser/evalutator.go:330.24,332.3 1 0
github.com/nonsocode/xpress/pkg/parser/evalutator.go:333.2,333.70 1 9
github.com/nonsocode/xpress/pkg/parser/evalutator.go:333.70,335.3 1 0
github.com/nonsocode/xpress/pkg/parser/evalutator.go:336.2,336.22 1 9
github.com/nonsocode/xpress/pkg/parser/evalutator.go:336.22,338.3 1 3
github.com/nonsocode/xpress/pkg/parser/evalutator.go:339.2,339.12 1 6
github.com/nonsocode/xpress/pkg/parser/evalutator.go:342.83,343.22 1 53
github.com/nonsocode/xpress/pkg/parser/evalutator.go:343.22,345.3 1 0
github.com/nonsocode/xpress/pkg/parser/evalutator.go:346.2,347.24 2 53
github.com/nonsocode/xpress/pkg/parser/evalutator.go:347.24,349.3 1 0
github.com/nonsocode/xpress/pkg/parser/evalutator.go:350.2,350.70 1 53
github.com/nonsocode/xpress/pkg/parser/evalutator.go:350.70,352.3 1 5
github.com/nonsocode/xpress/pkg/parser/evalutator.go:353.2,354.16 2 48
github.com/nonsocode/xpress/pkg/parser/evalutator.go:354.16,356.3 1 1
github.com/nonsocode/xpress/pkg/parser/evalutator.go:358.2,360.22 2 47
github.com/nonsocode/xpress/pkg/parser/evalutator.go:361.19,363.36 2 39
github.com/nonsocode/xpress/pkg/parser/evalutator.go:363.36,365.4 1 34
github.com/nonsocode/xpress/pkg/parser/evalutator.go:366.3,366.19 1 5
github.com/nonsocode/xpress/pkg/parser/evalutator.go:367.35,368.76 1 5
github.com/nonsocode/xpress/pkg/parser/evalutator.go:368.76,370.4 1 1
github.com/nonsocode/xpress/pkg/parser/evalutator.go:371.3,371.78 1 4
github.com/nonsocode/xpress/pkg/parser/evalutator.go:371.78,373.4 1 4
github.com/nonsocode/xpress/pkg/parser/evalutator.go:374.3,374.19 1 0
github.com/nonsocode/xpress/pkg/parser/evalutator.go:375.52,376.35 1 3
github.com/nonsocode/xpress/pkg/parser/evalutator.go:376.35,378.4 1 3
github.com/nonsocode/xpress/pkg/parser/evalutator.go:379.3,379.84 1 0
github.com/nonsocode/xpress/pkg/parser/evalutator.go:380.10,381.96 1 0
github.com/nonsocode/xpress/pkg/parser/evalutator.go:385.87,386.22 1 18
github.com/nonsocode/xpress/pkg/parser/evalutator.go:386.22,388.3 1 0
github.com/nonsocode/xpress/pkg/parser/evalutator.go:389.2,390.24 2 18
github.com/nonsocode/xpress/pkg/parser/evalutator.go:390.24,392.3 1 0
github.com/nonsocode/xpress/pkg/parser/evalutator.go:393.2,393.70 1 18
github.com/nonsocode/xpress/pkg/parser/evalutator.go:393.70,395.3 1 1
github.com/nonsocode/xpress/pkg/parser/evalutator.go:396.2,398.24 3 17
github.com/nonsocode/xpress/pkg/parser/evalutator.go:398.24,400.3 1 0
github.com/nonsocode/xpress/pkg/parser/evalutator.go:401.2,403.16 2 17
github.com/nonsocode/xpress/pkg/parser/evalutator.go:403.16,405.3 1 0
github.com/nonsocode/xpress/pkg/parser/evalutator.go:407.2,409.22 2 17
github.com/nonsocode/xpress/pkg/parser/evalutator.go:410.19,412.36 2 6
github.com/nonsocode/xpress/pkg/parser/evalutator.go:412.36,414.4 1 5
github.com/nonsocode/xpress/pkg/parser/evalutator.go:415.3,415.19 1 1
github.com/nonsocode/xpress/pkg/parser/evalutator.go:416.35,418.10 2 4
github.com/nonsocode/xpress/pkg/parser/evalutator.go:418.10,420.4 1 0
github.com/nonsocode/xpress/pkg/parser/evalutator.go:421.3,421.63 1 4
github.com/nonsocode/xpress/pkg/parser/evalutator.go:421.63,423.4 1 0
github.com/nonsocode/xpress/pkg/parser/evalutator.go:424.3,424.65 1 4
github.com/nonsocode/xpress/pkg/parser/evalutator.go:424.65,426.4 1 4
github.com/nonsocode/xpress/pkg/parser/evalutator.go:428.3,428.19 1 0
github.com/nonsocode/xpress/pkg/parser/evalutator.go:429.52,431.10 2 7
github.com/nonsocode/xpress/pkg/parser/evalutator.go:431.10,433.4 1 0
github.com/nonsocode/xpress/pkg/parser/evalutator.go:434.3,435.40 2 7
github.com/nonsocode/xpress/pkg/parser/evalutator.go:435.40,437.4 1 2
github.com/nonsocode/xpress/pkg/parser/evalutator.go:438.3,438.56 1 5
github.com/nonsocode/xpress/pkg/parser/evalutator.go:439.10,440.68 1 0
github.com/nonsocode/xpress/pkg/parser/evalutator.go:444.85,445.22 1 31
github.com/nonsocode/xpress/pkg/parser/evalutator.go:445.22,447.3 1 0
github.com/nonsocode/xpress/pkg/parser/evalutator.go:449.2,450.30 2 31
github.com/nonsocode/xpress/pkg/parser/evalutator.go:450.30,452.3 1 0
github.com/nonsocode/xpress/pkg/parser/evalutator.go:453.2,453.88 1 31
github.com/nonsocode/xpress/pkg/parser/evalutator.go:453.88,455.3 1 1
github.com/nonsocode/xpress/pkg/parser/evalutator.go:456.2,458.31 3 30
github.com/nonsocode/xpress/pkg/parser/evalutator.go:458.31,464.3 1 1
github.com/nonsocode/xpress/pkg/parser/evalutator.go:465.2,465.28 1 29
github.com/nonsocode/xpress/pkg/parser/evalutator.go:465.28,470.3 1 0
github.com/nonsocode/xpress/pkg/parser/evalutator.go:471.2,471.29 1 29
github.com/nonsocode/xpress/pkg/parser/evalutator.go:471.29,472.63 1 17
github.com/nonsocode/xpress/pkg/parser/evalutator.go:472.63,477.4 1 0
github.com/nonsocode/xpress/pkg/parser/evalutator.go:480.2,481.35 2 29
github.com/nonsocode/xpress/pkg/parser/evalutator.go:481.35,483.25 2 15
github.com/nonsocode/xpress/pkg/parser/evalutator.go:483.25,485.4 1 0
github.com/nonsocode/xpress/pkg/parser/evalutator.go:486.3,486.33 1 15
github.com/nonsocode/xpress/pkg/parser/evalutator.go:489.2,492.96 4 29
github.com/nonsocode/xpress/pkg/parser/evalutator.go:492.96,495.3 2 18
github.com/nonsocode/xpress/pkg/parser/evalutator.go:496.2,496.62 1 29
github.com/nonsocode/xpress/pkg/parser/evalutator.go:496.62,503.3 1 0
github.com/nonsocode/xpress/pkg/parser/evalutator.go:505.2,506.27 2 29
github.com/nonsocode/xpress/pkg/parser/evalutator.go:506.27,507.48 1 8
github.com/nonsocode/xpress/pkg/parser/evalutator.go:507.48,511.31 3 5
github.com/nonsocode/xpress/pkg/parser/evalutator.go:511.31,512.51 1 12
github.com/nonsocode/xpress/pkg/parser/evalutator.go:512.51,518.6 1 0
github.com/nonsocode/xpress/pkg/parser/evalutator.go:519.5,519.40 1 12
github.com/nonsocode/xpress/pkg/parser/evalutator.go:521.4,521.9 1 5
github.com/nonsocode/xpress/pkg/parser/evalutator.go:523.3,526.47 3 3
github.com/nonsocode/xpress/pkg/parser/evalutator.go:526.47,528.48 1 1
github.com/nonsocode/xpress/pkg/parser/evalutator.go:528.48,530.5 1 1
github.com/nonsocode/xpress/pkg/parser/evalutator.go:530.10,536.5 1 0
github.com/nonsocode/xpress/pkg/parser/evalutator.go:539.3,539.28 1 3
github.com/nonsocode/xpress/pkg/parser/evalutator.go:542.2,543.19 2 29
github.com/nonsocode/xpress/pkg/parser/evalutator.go:543.19,544.32 1 16
github.com/nonsocode/xpress/pkg/parser/evalutator.go:544.32,546.4 1 0
github.com/nonsocode/xpress/pkg/parser/evalutator.go:548.2,548.43 1 28
github.com/nonsocode/xpress/pkg/parser/evalutator.go:550.87,551.22 1 9
github.com/nonsocode/xpress/pkg/parser/evalutator.go:551.22,553.3 1 0
github.com/nonsocode/xpress/pkg/parser/evalutator.go:554.2,555.36 2 9
github.com/nonsocode/xpress/pkg/parser/evalutator.go:555.36,557.25 2 26
github.com/nonsocode/xpress/pkg/parser/evalutator.go:557.25,559.4 1 0
github.com/nonsocode/xpress/pkg/parser/evalutator.go:560.3,560.28 1 26
github.com/nonsocode/xpress/pkg/parser/evalutator.go:562.2,562.31 1 9
github.com/nonsocode/xpress/pkg/parser/evalutator.go:565.83,566.22 1 4
github.com/nonsocode/xpress/pkg/parser/evalutator.go:566.22,568.3 1 0
github.com/nonsocode/xpress/pkg/parser/evalutator.go:569.2,570.33 2 4
github.com/nonsocode/xpress/pkg/parser/evalutator.go:570.33,573.25 3 9
github.com/nonsocode/xpress/pkg/parser/evalutator.go:573.25,575.4 1 0
github.com/nonsocode/xpress/pkg/parser/evalutator.go:576.3,579.36 4 9
github.com/nonsocode/xpress/pkg/parser/evalutator.go:581.2,581.26 1 4
github.com/nonsocode/xpress/pkg/parser/evalutator.go:584.93,585.22 1 9
github.com/nonsocode/xpress/pkg/parser/evalutator.go:585.22,587.3 1 0
github.com/nonsocode/xpress/pkg/parser/evalutator.go:588.2,589.27 2 9
github.com/nonsocode/xpress/pkg/parser/evalutator.go:589.27,591.3 1 0
github.com/nonsocode/xpress/pkg/parser/evalutator.go:592.2,593.29 2 9
github.com/nonsocode/xpress/pkg/parser/evalutator.go:593.29,595.3 1 0
github.com/nonsocode/xpress/pkg/parser/evalutator.go:596.2,596.69 1 9
github.com/nonsocode/xpress/pkg/parser/evalutator.go:599.40,600.38 1 1
github.com/nonsocode/xpress/pkg/parser/evalutator.go:601.17,602.28 1 1
github.com/nonsocode/xpress/pkg/parser/evalutator.go:603.12,604.28 1 0
github.com/nonsocode/xpress/pkg/parser/evalutator.go:606.2,606.18 1 0
github.com/nonsocode/xpress/pkg/parser/evalutator.go:609.52,610.27 1 60
github.com/nonsocode/xpress/pkg/parser/evalutator.go:611.11,612.25 1 0
github.com/nonsocode/xpress/pkg/parser/evalutator.go:613.12,614.25 1 0
github.com/nonsocode/xpress/pkg/parser/evalutator.go:615.13,616.25 1 0
github.com/nonsocode/xpress/pkg/parser/evalutator.go:617.13,618.25 1 0
github.com/nonsocode/xpress/pkg/parser/evalutator.go:619.13,620.25 1 0
github.com/nonsocode/xpress/pkg/parser/evalutator.go:621.12,622.25 1 0
github.com/nonsocode/xpress/pkg/parser/evalutator.go:623.13,624.25 1 0
github.com/nonsocode/xpress/pkg/parser/evalutator.go:625.14,626.25 1 0
github.com/nonsocode/xpress/pkg/parser/evalutator.go:627.14,628.25 1 0
github.com/nonsocode/xpress/pkg/parser/evalutator.go:629.14,630.25 1 0
github.com/nonsocode/xpress/pkg/parser/evalutator.go:631.15,632.25 1 0
github.com/nonsocode/xpress/pkg/parser/evalutator.go:633.15,634.16 1 60
github.com/nonsocode/xpress/pkg/parser/evalutator.go:635.10,636.39 1 0
github.com/nonsocode/xpress/pkg/parser/evalutator.go:640.39,641.22 1 72
github.com/nonsocode/xpress/pkg/parser/evalutator.go:642.93,643.14 1 60
github.com/nonsocode/xpress/pkg/parser/evalutator.go:644.10,645.15 1 12
github.com/nonsocode/xpress/pkg/parser/evalutator.go:649.45,650.27 1 42
github.com/nonsocode/xpress/pkg/parser/evalutator.go:650.27,651.19 1 72
github.com/nonsocode/xpress/pkg/parser/evalutator.go:651.19,653.4 1 12
github.com/nonsocode/xpress/pkg/parser/evalutator.go:655.2,655.13 1 30
github.com/nonsocode/xpress/pkg/parser/evalutator.go:658.88,659.22 1 9
github.com/nonsocode/xpress/pkg/parser/evalutator.go:660.19,661.23 1 4
github.com/nonsocode/xpress/pkg/parser/evalutator.go:662.22,662.22 0 5
github.com/nonsocode/xpress/pkg/parser/evalutator.go:663.10,664.20 1 0
github.com/nonsocode/xpress/pkg/parser/evalutator.go:666.2,666.55 1 9
github.com/nonsocode/xpress/pkg/parser/evalutator.go:666.55,668.3 1 1
github.com/nonsocode/xpress/pkg/parser/evalutator.go:669.2,669.19 1 8
github.com/nonsocode/xpress/pkg/parser/evalutator.go:672.89,673.58 1 8
github.com/nonsocode/xpress/pkg/parser/evalutator.go:673.58,675.3 1 6
github.com/nonsocode/xpress/pkg/parser/evalutator.go:676.2,676.21 1 2
github.com/nonsocode/xpress/pkg/parser/evalutator.go:676.21,677.66 1 0
github.com/nonsocode/xpress/pkg/parser/evalutator.go:677.66,679.4 1 0
github.com/nonsocode/xpress/pkg/parser/evalutator.go:681.2,681.22 1 2
github.com/nonsocode/xpress/pkg/parser/evalutator.go:682.19,682.19 0 0
github.com/nonsocode/xpress/pkg/parser/evalutator.go:683.22,686.12 3 2
github.com/nonsocode/xpress/pkg/parser/evalutator.go:687.10,688.20 1 0
github.com/nonsocode/xpress/pkg/parser/evalutator.go:690.2,690.58 1 2
github.com/nonsocode/xpress/pkg/parser/evalutator.go:690.58,692.3 1 2
github.com/nonsocode/xpress/pkg/parser/evalutator.go:693.2,693.19 1 0
github.com/nonsocode/xpress/pkg/parser/evalutator.go:696.55,697.32 1 34
github.com/nonsocode/xpress/pkg/parser/evalutator.go:698.11,699.15 1 0
github.com/nonsocode/xpress/pkg/parser/evalutator.go:700.12,701.15 1 32
github.com/nonsocode/xpress/pkg/parser/evalutator.go:702.10,703.14 1 2
github.com/nonsocode/xpress/pkg/parser/evalutator.go:707.83,719.12 9 110
github.com/nonsocode/xpress/pkg/parser/evalutator.go:719.12,720.16 1 110
github.com/nonsocode/xpress/pkg/parser/evalutator.go:720.16,721.32 1 109
github.com/nonsocode/xpress/pkg/parser/evalutator.go:721.32,722.20 1 0
github.com/nonsocode/xpress/pkg/parser/evalutator.go:722.20,724.6 1 0
github.com/nonsocode/xpress/pkg/parser/evalutator.go:726.4,726.15 1 109
github.com/nonsocode/xpress/pkg/parser/evalutator.go:728.3,729.18 2 110
github.com/nonsocode/xpress/pkg/parser/evalutator.go:729.18,732.4 2 109
github.com/nonsocode/xpress/pkg/parser/evalutator.go:735.2,735.9 1 110
github.com/nonsocode/xpress/pkg/parser/evalutator.go:736.14,737.21 1 108
github.com/nonsocode/xpress/pkg/parser/evalutator.go:738.20,739.79 1 2
github.com/nonsocode/xpress/pkg/parser/evalutator.go:743.80,744.22 1 591
github.com/nonsocode/xpress/pkg/parser/evalutator.go:744.22,746.3 1 0
github.com/nonsocode/xpress/pkg/parser/evalutator.go:747.2,747.28 1 591
github.com/nonsocode/xpress/pkg/parser/lex.go:92.32,94.2 1 0
github.com/nonsocode/xpress/pkg/parser/lex.go:96.36,98.2 1 0
github.com/nonsocode/xpress/pkg/parser/lex.go:100.37,109.2 1 120
github.com/nonsocode/xpress/pkg/parser/lex.go:111.38,114.2 2 110
github.com/nonsocode/xpress/pkg/parser/lex.go:115.23,116.38 1 120
github.com/nonsocode/xpress/pkg/parser/lex.go:116.38,118.3 1 1278
github.com/nonsocode/xpress/pkg/parser/lex.go:119.2,119.69 1 120
github.com/nonsocode/xpress/pkg/parser/lex.go:122.47,127.2 4 946
github.com/nonsocode/xpress/pkg/parser/lex.go:129.57,132.2 2 2
github.com/nonsocode/xpress/pkg/parser/lex.go:134.32,136.2 1 2173
github.com/nonsocode/xpress/pkg/parser/lex.go:138.26,141.2 2 469
github.com/nonsocode/xpress/pkg/parser/lex.go:143.29,144.37 1 3638
github.com/nonsocode/xpress/pkg/parser/lex.go:144.37,146.3 1 2
github.com/nonsocode/xpress/pkg/parser/lex.go:147.2,149.15 3 3636
github.com/nonsocode/xpress/pkg/parser/lex.go:149.15,151.3 1 18
github.com/nonsocode/xpress/pkg/parser/lex.go:152.2,152.10 1 3636
github.com/nonsocode/xpress/pkg/parser/lex.go:156.29,160.2 3 266
github.com/nonsocode/xpress/pkg/parser/lex.go:163.26,164.35 1 1049
github.com/nonsocode/xpress/pkg/parser/lex.go:164.35,168.16 3 1046
github.com/nonsocode/xpress/pkg/parser/lex.go:168.16,170.4 1 3
github.com/nonsocode/xpress/pkg/parser/lex.go:175.43,176.43 1 454
github.com/nonsocode/xpress/pkg/parser/lex.go:176.43,178.3 1 60
github.com/nonsocode/xpress/pkg/parser/lex.go:179.2,180.14 2 394
github.com/nonsocode/xpress/pkg/parser/lex.go:184.41,185.44 1 123
github.com/nonsocode/xpress/pkg/parser/lex.go:185.45,186.3 0 132
github.com/nonsocode/xpress/pkg/parser/lex.go:187.2,187.12 1 123
github.com/nonsocode/xpress/pkg/parser/lex.go:190.37,192.16 2 146
github.com/nonsocode/xpress/pkg/parser/lex.go:192.16,194.3 1 35
github.com/nonsocode/xpress/pkg/parser/lex.go:195.2,195.11 1 111
github.com/nonsocode/xpress/pkg/parser/lex.go:219.7,220.14 1 111
github.com/nonsocode/xpress/pkg/parser/lex.go:222.2,222.60 1 0
github.com/nonsocode/xpress/pkg/parser/lex.go:225.32,226.63 1 237
github.com/nonsocode/xpress/pkg/parser/lex.go:226.63,227.12 1 119
github.com/nonsocode/xpress/pkg/parser/lex.go:227.12,231.4 3 2
github.com/nonsocode/xpress/pkg/parser/lex.go:232.3,232.22 1 119
github.com/nonsocode/xpress/pkg/parser/lex.go:234.2,236.26 3 118
github.com/nonsocode/xpress/pkg/parser/lex.go:236.26,238.3 1 112
github.com/nonsocode/xpress/pkg/parser/lex.go:240.2,241.12 2 6
github.com/nonsocode/xpress/pkg/parser/lex.go:244.37,249.2 4 119
github.com/nonsocode/xpress/pkg/parser/lex.go:251.38,256.2 4 117
github.com/nonsocode/xpress/pkg/parser/lex.go:258.40,259.6 1 462
github.com/nonsocode/xpress/pkg/parser/lex.go:259.6,260.76 1 1241
github.com/nonsocode/xpress/pkg/parser/lex.go:260.76,262.4 1 117
github.com/nonsocode/xpress/pkg/parser/lex.go:263.3,263.18 1 1124
github.com/nonsocode/xpress/pkg/parser/lex.go:263.18,265.4 1 2
github.com/nonsocode/xpress/pkg/parser/lex.go:266.3,266.27 1 1122
github.com/nonsocode/xpress/pkg/parser/lex.go:267.12,268.20 1 45
github.com/nonsocode/xpress/pkg/parser/lex.go:269.13,270.20 1 32
github.com/nonsocode/xpress/pkg/parser/lex.go:271.12,273.15 2 44
github.com/nonsocode/xpress/pkg/parser/lex.go:274.12,276.15 2 44
github.com/nonsocode/xpress/pkg/parser/lex.go:277.12,278.21 1 34
github.com/nonsocode/xpress/pkg/parser/lex.go:279.12,281.19 2 49
github.com/nonsocode/xpress/pkg/parser/lex.go:282.12,283.21 1 7
github.com/nonsocode/xpress/pkg/parser/lex.go:284.12,285.20 1 9
github.com/nonsocode/xpress/pkg/parser/lex.go:286.12,287.20 1 10
github.com/nonsocode/xpress/pkg/parser/lex.go:288.12,289.21 1 2
github.com/nonsocode/xpress/pkg/parser/lex.go:290.12,291.23 1 0
github.com/nonsocode/xpress/pkg/parser/lex.go:292.12,293.21 1 15
github.com/nonsocode/xpress/pkg/parser/lex.go:293.21,295.5 1 9
github.com/nonsocode/xpress/pkg/parser/lex.go:295.10,297.5 1 6
github.com/nonsocode/xpress/pkg/parser/lex.go:298.12,300.15 2 30
github.com/nonsocode/xpress/pkg/parser/lex.go:301.12,303.15 2 29
github.com/nonsocode/xpress/pkg/parser/lex.go:304.12,305.21 1 15
github.com/nonsocode/xpress/pkg/parser/lex.go:307.57,309.20 2 120
github.com/nonsocode/xpress/pkg/parser/lex.go:310.12,311.21 1 6
github.com/nonsocode/xpress/pkg/parser/lex.go:311.21,313.5 1 6
github.com/nonsocode/xpress/pkg/parser/lex.go:313.10,315.5 1 0
github.com/nonsocode/xpress/pkg/parser/lex.go:316.12,317.21 1 12
github.com/nonsocode/xpress/pkg/parser/lex.go:317.21,319.5 1 12
github.com/nonsocode/xpress/pkg/parser/lex.go:319.10,321.5 1 0
github.com/nonsocode/xpress/pkg/parser/lex.go:322.12,323.21 1 7
github.com/nonsocode/xpress/pkg/parser/lex.go:323.21,325.5 1 5
github.com/nonsocode/xpress/pkg/parser/lex.go:325.10,327.5 1 2
github.com/nonsocode/xpress/pkg/parser/lex.go:328.12,329.21 1 8
github.com/nonsocode/xpress/pkg/parser/lex.go:329.21,331.5 1 8
github.com/nonsocode/xpress/pkg/parser/lex.go:331.10,333.5 1 0
github.com/nonsocode/xpress/pkg/parser/lex.go:334.12,335.21 1 10
github.com/nonsocode/xpress/pkg/parser/lex.go:335.21,337.5 1 5
github.com/nonsocode/xpress/pkg/parser/lex.go:337.10,339.5 1 5
github.com/nonsocode/xpress/pkg/parser/lex.go:340.12,341.21 1 18
github.com/nonsocode/xpress/pkg/parser/lex.go:341.21,343.5 1 6
github.com/nonsocode/xpress/pkg/parser/lex.go:343.10,345.5 1 12
github.com/nonsocode/xpress/pkg/parser/lex.go:346.30,347.14 1 469
github.com/nonsocode/xpress/pkg/parser/lex.go:348.12,350.15 2 4
github.com/nonsocode/xpress/pkg/parser/lex.go:351.12,353.15 2 6
github.com/nonsocode/xpress/pkg/parser/lex.go:354.11,355.25 1 97
github.com/nonsocode/xpress/pkg/parser/lex.go:355.25,357.5 1 97
github.com/nonsocode/xpress/pkg/parser/lex.go:358.4,358.56 1 0
github.com/nonsocode/xpress/pkg/parser/lex.go:363.33,365.6 2 146
github.com/nonsocode/xpress/pkg/parser/lex.go:365.6,367.25 2 1007
github.com/nonsocode/xpress/pkg/parser/lex.go:367.25,369.9 2 146
github.com/nonsocode/xpress/pkg/parser/lex.go:372.2,372.23 1 146
github.com/nonsocode/xpress/pkg/parser/lex.go:372.23,374.3 1 0
github.com/nonsocode/xpress/pkg/parser/lex.go:375.2,376.19 2 146
github.com/nonsocode/xpress/pkg/parser/lex.go:376.19,377.37 1 146
github.com/nonsocode/xpress/pkg/parser/lex.go:377.37,379.4 1 34
github.com/nonsocode/xpress/pkg/parser/lex.go:379.9,381.4 1 112
github.com/nonsocode/xpress/pkg/parser/lex.go:383.2,383.24 1 146
github.com/nonsocode/xpress/pkg/parser/lex.go:387.34,389.16 2 45
github.com/nonsocode/xpress/pkg/parser/lex.go:389.16,391.3 1 0
github.com/nonsocode/xpress/pkg/parser/lex.go:392.2,393.24 2 45
github.com/nonsocode/xpress/pkg/parser/lex.go:396.34,398.16 2 32
github.com/nonsocode/xpress/pkg/parser/lex.go:398.16,400.3 1 0
github.com/nonsocode/xpress/pkg/parser/lex.go:401.2,402.24 2 32
github.com/nonsocode/xpress/pkg/parser/lex.go:405.49,406.6 1 77
github.com/nonsocode/xpress/pkg/parser/lex.go:406.6,407.19 1 534
github.com/nonsocode/xpress/pkg/parser/lex.go:408.13,409.44 1 0
github.com/nonsocode/xpress/pkg/parser/lex.go:409.44,410.10 1 0
github.com/nonsocode/xpress/pkg/parser/lex.go:412.4,412.15 1 0
github.com/nonsocode/xpress/pkg/parser/lex.go:413.18,414.51 1 0
github.com/nonsocode/xpress/pkg/parser/lex.go:415.14,416.14 1 77
github.com/nonsocode/xpress/pkg/parser/lex.go:425.34,426.21 1 120
github.com/nonsocode/xpress/pkg/parser/lex.go:426.21,428.3 1 0
github.com/nonsocode/xpress/pkg/parser/lex.go:430.2,431.24 2 120
github.com/nonsocode/xpress/pkg/parser/lex.go:434.35,435.19 1 120
github.com/nonsocode/xpress/pkg/parser/lex.go:435.19,437.3 1 0
github.com/nonsocode/xpress/pkg/parser/lex.go:438.2,439.19 2 120
github.com/nonsocode/xpress/pkg/parser/lex.go:439.19,441.21 1 6
github.com/nonsocode/xpress/pkg/parser/lex.go:441.21,443.4 1 0
github.com/nonsocode/xpress/pkg/parser/lex.go:443.9,443.28 1 6
github.com/nonsocode/xpress/pkg/parser/lex.go:443.28,445.4 1 0
github.com/nonsocode/xpress/pkg/parser/lex.go:445.9,445.28 1 6
github.com/nonsocode/xpress/pkg/parser/lex.go:445.28,447.4 1 0
github.com/nonsocode/xpress/pkg/parser/lex.go:449.2,450.19 2 120
github.com/nonsocode/xpress/pkg/parser/lex.go:450.19,452.3 1 3
github.com/nonsocode/xpress/pkg/parser/lex.go:455.2,455.30 1 120
github.com/nonsocode/xpress/pkg/parser/lex.go:455.30,458.3 2 0
github.com/nonsocode/xpress/pkg/parser/lex.go:459.2,459.13 1 120
github.com/nonsocode/xpress/pkg/parser/lex.go:463.27,465.2 1 146
github.com/nonsocode/xpress/pkg/parser/lex.go:468.34,470.2 1 1224
github.com/nonsocode/xpress/pkg/parser/nodes.go:86.63,88.2 1 75
github.com/nonsocode/xpress/pkg/parser/nodes.go:90.74,92.2 1 75
github.com/nonsocode/xpress/pkg/parser/nodes.go:94.45,96.2 1 7
github.com/nonsocode/xpress/pkg/parser/nodes.go:98.76,100.2 1 7
github.com/nonsocode/xpress/pkg/parser/nodes.go:102.57,104.2 1 229
github.com/nonsocode/xpress/pkg/parser/nodes.go:106.75,108.2 1 217
github.com/nonsocode/xpress/pkg/parser/nodes.go:110.50,112.2 1 7
github.com/nonsocode/xpress/pkg/parser/nodes.go:114.73,116.2 1 7
github.com/nonsocode/xpress/pkg/parser/nodes.go:118.48,120.2 1 106
github.com/nonsocode/xpress/pkg/parser/nodes.go:122.76,124.2 1 106
github.com/nonsocode/xpress/pkg/parser/nodes.go:126.73,128.2 1 4
github.com/nonsocode/xpress/pkg/parser/nodes.go:130.75,132.2 1 4
github.com/nonsocode/xpress/pkg/parser/nodes.go:134.43,136.2 1 53
github.com/nonsocode/xpress/pkg/parser/nodes.go:138.71,140.2 1 53
github.com/nonsocode/xpress/pkg/parser/nodes.go:142.39,144.2 1 9
github.com/nonsocode/xpress/pkg/parser/nodes.go:146.76,148.2 1 9
github.com/nonsocode/xpress/pkg/parser/nodes.go:150.51,152.2 1 31
github.com/nonsocode/xpress/pkg/parser/nodes.go:154.72,156.2 1 31
github.com/nonsocode/xpress/pkg/parser/nodes.go:158.47,160.2 1 18
github.com/nonsocode/xpress/pkg/parser/nodes.go:162.73,164.2 1 18
github.com/nonsocode/xpress/pkg/parser/nodes.go:166.37,168.2 1 9
github.com/nonsocode/xpress/pkg/parser/nodes.go:170.73,172.2 1 9
github.com/nonsocode/xpress/pkg/parser/nodes.go:174.40,176.2 1 38
github.com/nonsocode/xpress/pkg/parser/nodes.go:178.78,180.2 1 38
github.com/nonsocode/xpress/pkg/parser/nodes.go:182.38,184.2 1 4
github.com/nonsocode/xpress/pkg/parser/nodes.go:186.78,188.2 1 4
github.com/nonsocode/xpress/pkg/parser/nodes.go:190.39,192.2 1 4
github.com/nonsocode/xpress/pkg/parser/nodes.go:194.71,196.2 1 4
github.com/nonsocode/xpress/pkg/parser/nodes.go:198.50,200.2 1 9
github.com/nonsocode/xpress/pkg/parser/nodes.go:202.77,204.2 1 9
github.com/nonsocode/xpress/pkg/parser/parser.go:8.39,12.2 3 110
github.com/nonsocode/xpress/pkg/parser/parser.go:14.37,15.15 1 110
github.com/nonsocode/xpress/pkg/parser/parser.go:15.15,16.31 1 110
github.com/nonsocode/xpress/pkg/parser/parser.go:16.31,17.38 1 4
github.com/nonsocode/xpress/pkg/parser/parser.go:17.38,19.5 1 4
github.com/nonsocode/xpress/pkg/parser/parser.go:19.10,24.5 1 0
github.com/nonsocode/xpress/pkg/parser/parser.go:27.2,27.21 1 110
github.com/nonsocode/xpress/pkg/parser/parser.go:32.34,34.19 2 110
github.com/nonsocode/xpress/pkg/parser/parser.go:34.19,35.35 1 117
github.com/nonsocode/xpress/pkg/parser/parser.go:35.35,37.4 1 111
github.com/nonsocode/xpress/pkg/parser/parser.go:37.9,39.4 1 6
github.com/nonsocode/xpress/pkg/parser/parser.go:41.2,41.27 1 106
github.com/nonsocode/xpress/pkg/parser/parser.go:46.39,49.48 2 111
github.com/nonsocode/xpress/pkg/parser/parser.go:49.48,54.3 1 2
github.com/nonsocode/xpress/pkg/parser/parser.go:55.2,55.13 1 107
github.com/nonsocode/xpress/pkg/parser/parser.go:60.30,63.2 2 6
github.com/nonsocode/xpress/pkg/parser/parser.go:67.36,69.2 1 200
github.com/nonsocode/xpress/pkg/parser/parser.go:73.33,75.20 2 200
github.com/nonsocode/xpress/pkg/parser/parser.go:75.20,77.34 2 4
github.com/nonsocode/xpress/pkg/parser/parser.go:77.34,82.4 1 0
github.com/nonsocode/xpress/pkg/parser/parser.go:83.3,84.47 2 4
github.com/nonsocode/xpress/pkg/parser/parser.go:86.2,86.13 1 198
github.com/nonsocode/xpress/pkg/parser/parser.go:91.35,93.18 2 200
github.com/nonsocode/xpress/pkg/parser/parser.go:93.18,97.3 3 6
github.com/nonsocode/xpress/pkg/parser/parser.go:98.2,98.13 1 198
github.com/nonsocode/xpress/pkg/parser/parser.go:103.36,105.19 2 206
github.com/nonsocode/xpress/pkg/parser/parser.go:105.19,109.3 3 12
github.com/nonsocode/xpress/pkg/parser/parser.go:110.2,110.13 1 204
github.com/nonsocode/xpress/pkg/parser/parser.go:115.34,117.39 2 218
github.com/nonsocode/xpress/pkg/parser/parser.go:117.39,121.3 3 0
github.com/nonsocode/xpress/pkg/parser/parser.go:122.2,122.13 1 216
github.com/nonsocode/xpress/pkg/parser/parser.go:127.36,129.81 2 218
github.com/nonsocode/xpress/pkg/parser/parser.go:129.81,131.3 1 41
github.com/nonsocode/xpress/pkg/parser/parser.go:132.2,132.13 1 216
github.com/nonsocode/xpress/pkg/parser/parser.go:137.30,139.27 2 259
github.com/nonsocode/xpress/pkg/parser/parser.go:139.27,141.3 1 8
github.com/nonsocode/xpress/pkg/parser/parser.go:142.2,142.13 1 257
github.com/nonsocode/xpress/pkg/parser/parser.go:147.32,149.27 2 267
github.com/nonsocode/xpress/pkg/parser/parser.go:149.27,151.3 1 9
github.com/nonsocode/xpress/pkg/parser/parser.go:152.2,152.13 1 265
github.com/nonsocode/xpress/pkg/parser/parser.go:157.31,158.26 1 283
github.com/nonsocode/xpress/pkg/parser/parser.go:158.26,160.3 1 7
github.com/nonsocode/xpress/pkg/parser/parser.go:161.2,161.17 1 276
github.com/nonsocode/xpress/pkg/parser/parser.go:166.30,168.6 2 276
github.com/nonsocode/xpress/pkg/parser/parser.go:168.6,169.26 1 376
github.com/nonsocode/xpress/pkg/parser/parser.go:169.26,171.4 1 29
github.com/nonsocode/xpress/pkg/parser/parser.go:171.9,171.26 1 347
github.com/nonsocode/xpress/pkg/parser/parser.go:171.26,173.4 1 47
github.com/nonsocode/xpress/pkg/parser/parser.go:173.9,173.36 1 300
github.com/nonsocode/xpress/pkg/parser/parser.go:173.36,175.27 2 9
github.com/nonsocode/xpress/pkg/parser/parser.go:175.27,177.5 1 2
github.com/nonsocode/xpress/pkg/parser/parser.go:177.10,177.34 1 7
github.com/nonsocode/xpress/pkg/parser/parser.go:177.34,179.5 1 6
github.com/nonsocode/xpress/pkg/parser/parser.go:179.10,179.36 1 1
github.com/nonsocode/xpress/pkg/parser/parser.go:179.36,181.5 1 1
github.com/nonsocode/xpress/pkg/parser/parser.go:181.10,182.10 1 0
github.com/nonsocode/xpress/pkg/parser/parser.go:184.9,184.35 1 291
github.com/nonsocode/xpress/pkg/parser/parser.go:184.35,186.4 1 17
github.com/nonsocode/xpress/pkg/parser/parser.go:186.9,187.9 1 274
github.com/nonsocode/xpress/pkg/parser/parser.go:190.2,190.13 1 274
github.com/nonsocode/xpress/pkg/parser/parser.go:195.38,196.38 1 53
github.com/nonsocode/xpress/pkg/parser/parser.go:196.38,198.3 1 0
github.com/nonsocode/xpress/pkg/parser/parser.go:199.2,199.35 1 53
github.com/nonsocode/xpress/pkg/parser/parser.go:204.43,206.2 1 0
github.com/nonsocode/xpress/pkg/parser/parser.go:210.40,212.41 2 18
github.com/nonsocode/xpress/pkg/parser/parser.go:212.41,217.3 1 0
github.com/nonsocode/xpress/pkg/parser/parser.go:218.2,218.30 1 18
github.com/nonsocode/xpress/pkg/parser/parser.go:221.45,223.27 2 31
github.com/nonsocode/xpress/pkg/parser/parser.go:223.27,225.22 2 8
github.com/nonsocode/xpress/pkg/parser/parser.go:225.22,227.4 1 7
github.com/nonsocode/xpress/pkg/parser/parser.go:229.2,229.39 1 31
github.com/nonsocode/xpress/pkg/parser/parser.go:229.39,231.3 1 0
github.com/nonsocode/xpress/pkg/parser/parser.go:232.2,232.28 1 31
github.com/nonsocode/xpress/pkg/parser/parser.go:237.33,238.20 1 276
github.com/nonsocode/xpress/pkg/parser/parser.go:238.20,240.3 1 11
github.com/nonsocode/xpress/pkg/parser/parser.go:241.2,241.19 1 265
github.com/nonsocode/xpress/pkg/parser/parser.go:241.19,243.3 1 22
github.com/nonsocode/xpress/pkg/parser/parser.go:244.2,244.18 1 243
github.com/nonsocode/xpress/pkg/parser/parser.go:244.18,246.3 1 0
github.com/nonsocode/xpress/pkg/parser/parser.go:247.2,247.21 1 243
github.com/nonsocode/xpress/pkg/parser/parser.go:247.21,251.3 2 111
github.com/nonsocode/xpress/pkg/parser/parser.go:252.2,252.25 1 132
github.com/nonsocode/xpress/pkg/parser/parser.go:252.25,254.3 1 38
github.com/nonsocode/xpress/pkg/parser/parser.go:255.2,255.21 1 94
github.com/nonsocode/xpress/pkg/parser/parser.go:255.21,258.3 2 72
github.com/nonsocode/xpress/pkg/parser/parser.go:259.2,259.25 1 22
github.com/nonsocode/xpress/pkg/parser/parser.go:259.25,261.40 2 7
github.com/nonsocode/xpress/pkg/parser/parser.go:261.40,266.4 1 0
github.com/nonsocode/xpress/pkg/parser/parser.go:267.3,267.27 1 7
github.com/nonsocode/xpress/pkg/parser/parser.go:269.2,269.27 1 15
github.com/nonsocode/xpress/pkg/parser/parser.go:269.27,271.3 1 10
github.com/nonsocode/xpress/pkg/parser/parser.go:272.2,272.25 1 5
github.com/nonsocode/xpress/pkg/parser/parser.go:272.25,274.3 1 4
github.com/nonsocode/xpress/pkg/parser/parser.go:276.2,277.12 2 1
github.com/nonsocode/xpress/pkg/parser/parser.go:282.31,284.29 2 10
github.com/nonsocode/xpress/pkg/parser/parser.go:284.29,286.22 2 10
github.com/nonsocode/xpress/pkg/parser/parser.go:286.22,288.4 1 20
github.com/nonsocode/xpress/pkg/parser/parser.go:290.2,290.41 1 10
github.com/nonsocode/xpress/pkg/parser/parser.go:290.41,295.3 1 1
github.com/nonsocode/xpress/pkg/parser/parser.go:297.2,297.25 1 9
github.com/nonsocode/xpress/pkg/parser/parser.go:302.33,304.27 2 4
github.com/nonsocode/xpress/pkg/parser/parser.go:304.27,306.22 2 4
github.com/nonsocode/xpress/pkg/parser/parser.go:306.22,308.4 1 5
github.com/nonsocode/xpress/pkg/parser/parser.go:310.2,310.39 1 4
github.com/nonsocode/xpress/pkg/parser/parser.go:310.39,315.3 1 0
github.com/nonsocode/xpress/pkg/parser/parser.go:317.2,317.24 1 4
github.com/nonsocode/xpress/pkg/parser/parser.go:322.39,324.25 2 9
github.com/nonsocode/xpress/pkg/parser/parser.go:324.25,326.3 1 5
github.com/nonsocode/xpress/pkg/parser/parser.go:327.2,327.21 1 9
github.com/nonsocode/xpress/pkg/parser/parser.go:327.21,330.3 2 2
github.com/nonsocode/xpress/pkg/parser/parser.go:331.2,331.27 1 9
github.com/nonsocode/xpress/pkg/parser/parser.go:331.27,333.42 2 2
github.com/nonsocode/xpress/pkg/parser/parser.go:333.42,338.4 1 0
github.com/nonsocode/xpress/pkg/parser/parser.go:340.2,340.16 1 9
github.com/nonsocode/xpress/pkg/parser/parser.go:340.16,345.3 1 0
github.com/nonsocode/xpress/pkg/parser/parser.go:346.2,346.33 1 9
github.com/nonsocode/xpress/pkg/parser/parser.go:346.33,351.3 1 0
github.com/nonsocode/xpress/pkg/parser/parser.go:352.2,353.32 2 9
github.com/nonsocode/xpress/pkg/parser/parser.go:356.52,357.24 1 247
github.com/nonsocode/xpress/pkg/parser/parser.go:357.24,360.3 2 244
github.com/nonsocode/xpress/pkg/parser/parser.go:361.2,361.14 1 3
github.com/nonsocode/xpress/pkg/parser/parser.go:364.58,365.57 1 4
github.com/nonsocode/xpress/pkg/parser/parser.go:368.49,369.26 1 4730
github.com/nonsocode/xpress/pkg/parser/parser.go:369.26,370.17 1 6935
github.com/nonsocode/xpress/pkg/parser/parser.go:370.17,373.4 2 619
github.com/nonsocode/xpress/pkg/parser/parser.go:375.2,375.14 1 4111
github.com/nonsocode/xpress/pkg/parser/parser.go:378.50,379.17 1 7234
github.com/nonsocode/xpress/pkg/parser/parser.go:379.17,381.3 1 0
github.com/nonsocode/xpress/pkg/parser/parser.go:382.2,382.40 1 7234
github.com/nonsocode/xpress/pkg/parser/parser.go:385.33,387.2 1 8326
github.com/nonsocode/xpress/pkg/parser/parser.go:389.31,391.2 1 15568
github.com/nonsocode/xpress/pkg/parser/parser.go:393.34,394.18 1 869
github.com/nonsocode/xpress/pkg/parser/parser.go:394.18,396.3 1 869
github.com/nonsocode/xpress/pkg/parser/parser.go:397.2,397.21 1 869
github.com/nonsocode/xpress/pkg/parser/parser.go:400.35,402.2 1 1421
github.com/nonsocode/xpress/pkg/parser/types.go:53.52,55.2 1 7
github.com/nonsocode/xpress/pkg/parser/types.go:57.36,59.2 1 567
github.com/nonsocode/xpress/pkg/parser/types.go:61.32,63.2 1 578
